<?xml version="1.0" encoding="UTF-8"?>
<!-- Generated by org.testng.reporters.JUnitReportReporter -->
<testsuite hostname="PureBook-S14" failures="0" tests="1" name="example.Sample" time="0.006" errors="0" timestamp="2023-08-04T21:50:03 IST" skipped="0">
  <testcase classname="example.Sample" name="tc1" time="0.006"/>
</testsuite> <!-- example.Sample -->
