<?xml version="1.0" encoding="UTF-8"?>
<!-- Generated by org.testng.reporters.JUnitReportReporter -->
<testsuite hostname="PureBook-S14" failures="0" tests="8" name="example.PriorityTest" time="0.019" errors="0" timestamp="2023-08-11T21:30:57 IST" skipped="1">
  <testcase classname="example.PriorityTest" name="tc2" time="0.011"/>
  <testcase classname="example.PriorityTest" name="tc4" time="0.002"/>
  <testcase classname="example.PriorityTest" name="tc4" time="0.001"/>
  <testcase classname="example.PriorityTest" name="tc4" time="0.001"/>
  <testcase classname="example.PriorityTest" name="tc4" time="0.002"/>
  <testcase classname="example.PriorityTest" name="tc4" time="0.001"/>
  <testcase classname="example.PriorityTest" name="tc1" time="0.001"/>
  <testcase classname="example.PriorityTest" name="tc3">
    <skipped/>
  </testcase> <!-- tc3 -->
</testsuite> <!-- example.PriorityTest -->
